<?xml version="1.0" encoding="UTF-8"?>
<coverage generated="1749856663062" clover="3.2.0">
  <project timestamp="1749856663062" name="All files">
    <metrics statements="54" coveredstatements="54" conditionals="19" coveredconditionals="19" methods="15" coveredmethods="14" elements="88" coveredelements="87" complexity="0" loc="54" ncloc="54" packages="1" files="4" classes="4"/>
    <file name="apiClient.ts" path="/Users/jahcrispy646/Projects/Web-Apps/Next.js/b2brilliant/pkg/sdk/typescript/src/apiClient.ts">
      <metrics statements="17" coveredstatements="17" conditionals="9" coveredconditionals="9" methods="4" coveredmethods="4"/>
      <line num="5" count="2" type="stmt"/>
      <line num="8" count="2" type="stmt"/>
      <line num="18" count="12" type="stmt"/>
      <line num="19" count="12" type="stmt"/>
      <line num="30" count="11" type="stmt"/>
      <line num="32" count="11" type="stmt"/>
      <line num="47" count="11" type="stmt"/>
      <line num="57" count="11" type="stmt"/>
      <line num="58" count="11" type="stmt"/>
      <line num="60" count="8" type="cond" truecount="1" falsecount="0"/>
      <line num="61" count="2" type="stmt"/>
      <line num="62" count="2" type="stmt"/>
      <line num="69" count="6" type="stmt"/>
      <line num="71" count="6" type="cond" truecount="1" falsecount="0"/>
      <line num="72" count="3" type="stmt"/>
      <line num="75" count="3" type="stmt"/>
      <line num="76" count="3" type="stmt"/>
    </file>
    <file name="endpoints.ts" path="/Users/jahcrispy646/Projects/Web-Apps/Next.js/b2brilliant/pkg/sdk/typescript/src/endpoints.ts">
      <metrics statements="3" coveredstatements="3" conditionals="0" coveredconditionals="0" methods="0" coveredmethods="0"/>
      <line num="6" count="2" type="stmt"/>
      <line num="12" count="2" type="stmt"/>
      <line num="19" count="2" type="stmt"/>
    </file>
    <file name="errors.ts" path="/Users/jahcrispy646/Projects/Web-Apps/Next.js/b2brilliant/pkg/sdk/typescript/src/errors.ts">
      <metrics statements="13" coveredstatements="13" conditionals="4" coveredconditionals="4" methods="2" coveredmethods="2"/>
      <line num="8" count="4" type="stmt"/>
      <line num="20" count="14" type="stmt"/>
      <line num="21" count="14" type="stmt"/>
      <line num="22" count="14" type="stmt"/>
      <line num="23" count="14" type="stmt"/>
      <line num="26" count="14" type="cond" truecount="1" falsecount="0"/>
      <line num="27" count="14" type="stmt"/>
      <line num="35" count="4" type="stmt"/>
      <line num="45" count="4" type="stmt"/>
      <line num="46" count="4" type="stmt"/>
      <line num="47" count="4" type="stmt"/>
      <line num="50" count="4" type="cond" truecount="1" falsecount="0"/>
      <line num="51" count="4" type="stmt"/>
    </file>
    <file name="index.ts" path="/Users/jahcrispy646/Projects/Web-Apps/Next.js/b2brilliant/pkg/sdk/typescript/src/index.ts">
      <metrics statements="21" coveredstatements="21" conditionals="6" coveredconditionals="6" methods="9" coveredmethods="8"/>
      <line num="7" count="1" type="stmt"/>
      <line num="8" count="1" type="stmt"/>
      <line num="21" count="1" type="stmt"/>
      <line num="111" count="18" type="cond" truecount="1" falsecount="0"/>
      <line num="112" count="1" type="stmt"/>
      <line num="115" count="17" type="stmt"/>
      <line num="121" count="17" type="stmt"/>
      <line num="123" count="3" type="stmt"/>
      <line num="127" count="1" type="stmt"/>
      <line num="132" count="17" type="stmt"/>
      <line num="134" count="2" type="stmt"/>
      <line num="138" count="1" type="stmt"/>
      <line num="142" count="1" type="stmt"/>
      <line num="147" count="17" type="stmt"/>
      <line num="149" count="2" type="stmt"/>
      <line num="153" count="1" type="stmt"/>
      <line num="160" count="1" type="stmt"/>
      <line num="161" count="1" type="stmt"/>
      <line num="162" count="1" type="stmt"/>
      <line num="163" count="1" type="stmt"/>
      <line num="166" count="1" type="stmt"/>
    </file>
  </project>
</coverage>
