{"/Users/jahcrispy646/Projects/Web-Apps/Next.js/b2brilliant/pkg/sdk/typescript/src/apiClient.ts": {"path":"/Users/jahcrispy646/Projects/Web-Apps/Next.js/b2brilliant/pkg/sdk/typescript/src/apiClient.ts","statementMap":{"0":{"start":{"line":5,"column":0},"end":{"line":5,"column":36}},"1":{"start":{"line":18,"column":4},"end":{"line":18,"column":32}},"2":{"start":{"line":19,"column":4},"end":{"line":19,"column":34}},"3":{"start":{"line":30,"column":16},"end":{"line":30,"column":53}},"4":{"start":{"line":32,"column":4},"end":{"line":35,"column":7}},"5":{"start":{"line":47,"column":38},"end":{"line":55,"column":6}},"6":{"start":{"line":57,"column":4},"end":{"line":81,"column":5}},"7":{"start":{"line":58,"column":23},"end":{"line":58,"column":64}},"8":{"start":{"line":60,"column":6},"end":{"line":67,"column":7}},"9":{"start":{"line":61,"column":26},"end":{"line":61,"column":65}},"10":{"start":{"line":61,"column":61},"end":{"line":61,"column":63}},"11":{"start":{"line":62,"column":8},"end":{"line":66,"column":10}},"12":{"start":{"line":69,"column":6},"end":{"line":69,"column":40}},"13":{"start":{"line":71,"column":6},"end":{"line":73,"column":7}},"14":{"start":{"line":72,"column":8},"end":{"line":72,"column":20}},"15":{"start":{"line":75,"column":18},"end":{"line":75,"column":32}},"16":{"start":{"line":76,"column":6},"end":{"line":80,"column":8}},"17":{"start":{"line":8,"column":0},"end":{"line":8,"column":13}}},"fnMap":{"0":{"name":"(anonymous_0)","decl":{"start":{"line":17,"column":2},"end":{"line":17,"column":14}},"loc":{"start":{"line":17,"column":37},"end":{"line":20,"column":3}}},"1":{"name":"(anonymous_1)","decl":{"start":{"line":29,"column":2},"end":{"line":29,"column":7}},"loc":{"start":{"line":29,"column":70},"end":{"line":36,"column":3}}},"2":{"name":"(anonymous_2)","decl":{"start":{"line":46,"column":10},"end":{"line":46,"column":15}},"loc":{"start":{"line":46,"column":56},"end":{"line":82,"column":3}}},"3":{"name":"(anonymous_3)","decl":{"start":{"line":61,"column":54},"end":{"line":61,"column":57}},"loc":{"start":{"line":61,"column":61},"end":{"line":61,"column":63}}}},"branchMap":{"0":{"loc":{"start":{"line":29,"column":40},"end":{"line":29,"column":70}},"type":"default-arg","locations":[{"start":{"line":29,"column":68},"end":{"line":29,"column":70}}]},"1":{"loc":{"start":{"line":53,"column":12},"end":{"line":53,"column":33}},"type":"binary-expr","locations":[{"start":{"line":53,"column":12},"end":{"line":53,"column":27}},{"start":{"line":53,"column":31},"end":{"line":53,"column":33}}]},"2":{"loc":{"start":{"line":60,"column":6},"end":{"line":67,"column":7}},"type":"if","locations":[{"start":{"line":60,"column":6},"end":{"line":67,"column":7}}]},"3":{"loc":{"start":{"line":63,"column":10},"end":{"line":63,"column":62}},"type":"binary-expr","locations":[{"start":{"line":63,"column":10},"end":{"line":63,"column":27}},{"start":{"line":63,"column":31},"end":{"line":63,"column":62}}]},"4":{"loc":{"start":{"line":71,"column":6},"end":{"line":73,"column":7}},"type":"if","locations":[{"start":{"line":71,"column":6},"end":{"line":73,"column":7}}]},"5":{"loc":{"start":{"line":77,"column":8},"end":{"line":77,"column":38}},"type":"binary-expr","locations":[{"start":{"line":77,"column":8},"end":{"line":77,"column":19}},{"start":{"line":77,"column":23},"end":{"line":77,"column":38}}]}},"s":{"0":2,"1":12,"2":12,"3":11,"4":11,"5":11,"6":11,"7":11,"8":8,"9":2,"10":1,"11":2,"12":6,"13":6,"14":3,"15":3,"16":3,"17":2},"f":{"0":12,"1":11,"2":11,"3":1},"b":{"0":[10],"1":[11,11],"2":[2],"3":[2,1],"4":[3],"5":[3,1]}}
,"/Users/jahcrispy646/Projects/Web-Apps/Next.js/b2brilliant/pkg/sdk/typescript/src/endpoints.ts": {"path":"/Users/jahcrispy646/Projects/Web-Apps/Next.js/b2brilliant/pkg/sdk/typescript/src/endpoints.ts","statementMap":{"0":{"start":{"line":6,"column":13},"end":{"line":9,"column":11}},"1":{"start":{"line":12,"column":13},"end":{"line":16,"column":11}},"2":{"start":{"line":19,"column":13},"end":{"line":22,"column":11}}},"fnMap":{},"branchMap":{},"s":{"0":2,"1":2,"2":2},"f":{},"b":{}}
,"/Users/jahcrispy646/Projects/Web-Apps/Next.js/b2brilliant/pkg/sdk/typescript/src/errors.ts": {"path":"/Users/jahcrispy646/Projects/Web-Apps/Next.js/b2brilliant/pkg/sdk/typescript/src/errors.ts","statementMap":{"0":{"start":{"line":20,"column":4},"end":{"line":20,"column":19}},"1":{"start":{"line":21,"column":4},"end":{"line":21,"column":27}},"2":{"start":{"line":22,"column":4},"end":{"line":22,"column":25}},"3":{"start":{"line":23,"column":4},"end":{"line":23,"column":21}},"4":{"start":{"line":26,"column":4},"end":{"line":28,"column":5}},"5":{"start":{"line":27,"column":6},"end":{"line":27,"column":46}},"6":{"start":{"line":8,"column":0},"end":{"line":8,"column":13}},"7":{"start":{"line":45,"column":4},"end":{"line":45,"column":19}},"8":{"start":{"line":46,"column":4},"end":{"line":46,"column":34}},"9":{"start":{"line":47,"column":4},"end":{"line":47,"column":45}},"10":{"start":{"line":50,"column":4},"end":{"line":52,"column":5}},"11":{"start":{"line":51,"column":6},"end":{"line":51,"column":53}},"12":{"start":{"line":35,"column":0},"end":{"line":35,"column":13}}},"fnMap":{"0":{"name":"(anonymous_0)","decl":{"start":{"line":19,"column":2},"end":{"line":19,"column":14}},"loc":{"start":{"line":19,"column":77},"end":{"line":29,"column":3}}},"1":{"name":"(anonymous_1)","decl":{"start":{"line":44,"column":2},"end":{"line":44,"column":14}},"loc":{"start":{"line":44,"column":73},"end":{"line":53,"column":3}}}},"branchMap":{"0":{"loc":{"start":{"line":19,"column":47},"end":{"line":19,"column":77}},"type":"default-arg","locations":[{"start":{"line":19,"column":75},"end":{"line":19,"column":77}}]},"1":{"loc":{"start":{"line":26,"column":4},"end":{"line":28,"column":5}},"type":"if","locations":[{"start":{"line":26,"column":4},"end":{"line":28,"column":5}}]},"2":{"loc":{"start":{"line":44,"column":31},"end":{"line":44,"column":73}},"type":"default-arg","locations":[{"start":{"line":44,"column":71},"end":{"line":44,"column":73}}]},"3":{"loc":{"start":{"line":50,"column":4},"end":{"line":52,"column":5}},"type":"if","locations":[{"start":{"line":50,"column":4},"end":{"line":52,"column":5}}]}},"s":{"0":14,"1":14,"2":14,"3":14,"4":14,"5":14,"6":4,"7":4,"8":4,"9":4,"10":4,"11":4,"12":4},"f":{"0":14,"1":4},"b":{"0":[7],"1":[14],"2":[2],"3":[4]}}
,"/Users/jahcrispy646/Projects/Web-Apps/Next.js/b2brilliant/pkg/sdk/typescript/src/index.ts": {"path":"/Users/jahcrispy646/Projects/Web-Apps/Next.js/b2brilliant/pkg/sdk/typescript/src/index.ts","statementMap":{"0":{"start":{"line":7,"column":0},"end":{"line":7,"column":40}},"1":{"start":{"line":8,"column":0},"end":{"line":8,"column":85}},"2":{"start":{"line":111,"column":4},"end":{"line":113,"column":5}},"3":{"start":{"line":112,"column":6},"end":{"line":112,"column":45}},"4":{"start":{"line":115,"column":4},"end":{"line":118,"column":7}},"5":{"start":{"line":121,"column":4},"end":{"line":129,"column":6}},"6":{"start":{"line":123,"column":8},"end":{"line":123,"column":95}},"7":{"start":{"line":127,"column":8},"end":{"line":127,"column":98}},"8":{"start":{"line":132,"column":4},"end":{"line":144,"column":6}},"9":{"start":{"line":134,"column":8},"end":{"line":134,"column":99}},"10":{"start":{"line":138,"column":8},"end":{"line":138,"column":102}},"11":{"start":{"line":142,"column":8},"end":{"line":142,"column":131}},"12":{"start":{"line":147,"column":4},"end":{"line":155,"column":6}},"13":{"start":{"line":149,"column":8},"end":{"line":149,"column":127}},"14":{"start":{"line":153,"column":8},"end":{"line":153,"column":132}},"15":{"start":{"line":21,"column":0},"end":{"line":21,"column":13}},"16":{"start":{"line":160,"column":0},"end":{"line":160,"column":24}},"17":{"start":{"line":161,"column":0},"end":{"line":161,"column":25}},"18":{"start":{"line":162,"column":0},"end":{"line":162,"column":28}},"19":{"start":{"line":163,"column":0},"end":{"line":163,"column":9}},"20":{"start":{"line":163,"column":9},"end":{"line":163,"column":40}},"21":{"start":{"line":166,"column":0},"end":{"line":166,"column":32}}},"fnMap":{"0":{"name":"(anonymous_4)","decl":{"start":{"line":110,"column":2},"end":{"line":110,"column":14}},"loc":{"start":{"line":110,"column":44},"end":{"line":156,"column":3}}},"1":{"name":"(anonymous_5)","decl":{"start":{"line":122,"column":16},"end":{"line":122,"column":17}},"loc":{"start":{"line":122,"column":75},"end":{"line":124,"column":7}}},"2":{"name":"(anonymous_6)","decl":{"start":{"line":126,"column":14},"end":{"line":126,"column":15}},"loc":{"start":{"line":126,"column":61},"end":{"line":128,"column":7}}},"3":{"name":"(anonymous_7)","decl":{"start":{"line":133,"column":16},"end":{"line":133,"column":17}},"loc":{"start":{"line":133,"column":75},"end":{"line":135,"column":7}}},"4":{"name":"(anonymous_8)","decl":{"start":{"line":137,"column":14},"end":{"line":137,"column":15}},"loc":{"start":{"line":137,"column":61},"end":{"line":139,"column":7}}},"5":{"name":"(anonymous_9)","decl":{"start":{"line":141,"column":21},"end":{"line":141,"column":22}},"loc":{"start":{"line":141,"column":86},"end":{"line":143,"column":7}}},"6":{"name":"(anonymous_10)","decl":{"start":{"line":148,"column":14},"end":{"line":148,"column":15}},"loc":{"start":{"line":148,"column":135},"end":{"line":150,"column":7}}},"7":{"name":"(anonymous_11)","decl":{"start":{"line":152,"column":14},"end":{"line":152,"column":15}},"loc":{"start":{"line":152,"column":123},"end":{"line":154,"column":7}}},"8":{"name":"(anonymous_12)","decl":{"start":{"line":163,"column":9},"end":{"line":163,"column":18}},"loc":{"start":{"line":163,"column":9},"end":{"line":163,"column":40}}}},"branchMap":{"0":{"loc":{"start":{"line":111,"column":4},"end":{"line":113,"column":5}},"type":"if","locations":[{"start":{"line":111,"column":4},"end":{"line":113,"column":5}}]},"1":{"loc":{"start":{"line":117,"column":15},"end":{"line":117,"column":62}},"type":"binary-expr","locations":[{"start":{"line":117,"column":15},"end":{"line":117,"column":29}},{"start":{"line":117,"column":33},"end":{"line":117,"column":62}}]},"2":{"loc":{"start":{"line":122,"column":33},"end":{"line":122,"column":71}},"type":"default-arg","locations":[{"start":{"line":122,"column":69},"end":{"line":122,"column":71}}]},"3":{"loc":{"start":{"line":133,"column":33},"end":{"line":133,"column":71}},"type":"default-arg","locations":[{"start":{"line":133,"column":69},"end":{"line":133,"column":71}}]},"4":{"loc":{"start":{"line":148,"column":77},"end":{"line":148,"column":131}},"type":"default-arg","locations":[{"start":{"line":148,"column":109},"end":{"line":148,"column":131}}]}},"s":{"0":1,"1":1,"2":18,"3":1,"4":17,"5":17,"6":3,"7":1,"8":17,"9":2,"10":1,"11":1,"12":17,"13":2,"14":1,"15":1,"16":1,"17":1,"18":1,"19":1,"20":1,"21":1},"f":{"0":18,"1":3,"2":1,"3":2,"4":1,"5":1,"6":2,"7":1,"8":0},"b":{"0":[1],"1":[17,1],"2":[2],"3":[1],"4":[1]}}
}
