TN:
SF:src/apiClient.ts
FN:17,(anonymous_0)
FN:29,(anonymous_1)
FN:46,(anonymous_2)
FN:61,(anonymous_3)
FNF:4
FNH:4
FNDA:12,(anonymous_0)
FNDA:11,(anonymous_1)
FNDA:11,(anonymous_2)
FNDA:1,(anonymous_3)
DA:5,2
DA:8,2
DA:18,12
DA:19,12
DA:30,11
DA:32,11
DA:47,11
DA:57,11
DA:58,11
DA:60,8
DA:61,2
DA:62,2
DA:69,6
DA:71,6
DA:72,3
DA:75,3
DA:76,3
LF:17
LH:17
BRDA:29,0,0,10
BRDA:53,1,0,11
BRDA:53,1,1,11
BRDA:60,2,0,2
BRDA:63,3,0,2
BRDA:63,3,1,1
BRDA:71,4,0,3
BRDA:77,5,0,3
BRDA:77,5,1,1
BRF:9
BRH:9
end_of_record
TN:
SF:src/endpoints.ts
FNF:0
FNH:0
DA:6,2
DA:12,2
DA:19,2
LF:3
LH:3
BRF:0
BRH:0
end_of_record
TN:
SF:src/errors.ts
FN:19,(anonymous_0)
FN:44,(anonymous_1)
FNF:2
FNH:2
FNDA:14,(anonymous_0)
FNDA:4,(anonymous_1)
DA:8,4
DA:20,14
DA:21,14
DA:22,14
DA:23,14
DA:26,14
DA:27,14
DA:35,4
DA:45,4
DA:46,4
DA:47,4
DA:50,4
DA:51,4
LF:13
LH:13
BRDA:19,0,0,7
BRDA:26,1,0,14
BRDA:44,2,0,2
BRDA:50,3,0,4
BRF:4
BRH:4
end_of_record
TN:
SF:src/index.ts
FN:110,(anonymous_4)
FN:122,(anonymous_5)
FN:126,(anonymous_6)
FN:133,(anonymous_7)
FN:137,(anonymous_8)
FN:141,(anonymous_9)
FN:148,(anonymous_10)
FN:152,(anonymous_11)
FN:163,(anonymous_12)
FNF:9
FNH:8
FNDA:18,(anonymous_4)
FNDA:3,(anonymous_5)
FNDA:1,(anonymous_6)
FNDA:2,(anonymous_7)
FNDA:1,(anonymous_8)
FNDA:1,(anonymous_9)
FNDA:2,(anonymous_10)
FNDA:1,(anonymous_11)
FNDA:0,(anonymous_12)
DA:7,1
DA:8,1
DA:21,1
DA:111,18
DA:112,1
DA:115,17
DA:121,17
DA:123,3
DA:127,1
DA:132,17
DA:134,2
DA:138,1
DA:142,1
DA:147,17
DA:149,2
DA:153,1
DA:160,1
DA:161,1
DA:162,1
DA:163,1
DA:166,1
LF:21
LH:21
BRDA:111,0,0,1
BRDA:117,1,0,17
BRDA:117,1,1,1
BRDA:122,2,0,2
BRDA:133,3,0,1
BRDA:148,4,0,1
BRF:6
BRH:6
end_of_record
